<?xml version="1.0" encoding="UTF-8"?>
<testng-results ignored="0" total="1" passed="1" failed="0" skipped="0">
  <reporter-output>
  </reporter-output>
  <suite started-at="2023-08-02T14:45:27 IST" name="Suite" finished-at="2023-08-02T14:47:25 IST" duration-ms="117362">
    <groups>
    </groups>
    <test started-at="2023-08-02T14:45:27 IST" name="Test" finished-at="2023-08-02T14:47:25 IST" duration-ms="117362">
      <class name="com.inetbanking.testcases.HomeTC_001">
        <test-method is-config="true" signature="init()[pri:0, instance:com.inetbanking.testcases.HomeTC_001@77c2494c]" started-at="2023-08-02T14:45:21 IST" name="init" finished-at="2023-08-02T14:45:27 IST" duration-ms="6730" status="PASS">
          <reporter-output>
          </reporter-output>
        </test-method> <!-- init -->
        <test-method is-config="true" signature="setup(java.lang.String)[pri:0, instance:com.inetbanking.testcases.HomeTC_001@77c2494c]" started-at="2023-08-02T14:45:27 IST" name="setup" finished-at="2023-08-02T14:46:07 IST" duration-ms="39363" status="PASS">
          <params>
            <param index="0">
              <value>
                <![CDATA[Chrome]]>
              </value>
            </param>
          </params>
          <reporter-output>
          </reporter-output>
        </test-method> <!-- setup -->
        <test-method signature="verifyLogoutFunctionality()[pri:0, instance:com.inetbanking.testcases.HomeTC_001@77c2494c]" started-at="2023-08-02T14:46:07 IST" name="verifyLogoutFunctionality" finished-at="2023-08-02T14:47:19 IST" duration-ms="72035" status="PASS">
          <reporter-output>
          </reporter-output>
        </test-method> <!-- verifyLogoutFunctionality -->
        <test-method is-config="true" signature="teardown()[pri:0, instance:com.inetbanking.testcases.HomeTC_001@77c2494c]" started-at="2023-08-02T14:47:19 IST" name="teardown" finished-at="2023-08-02T14:47:25 IST" duration-ms="5462" status="PASS">
          <reporter-output>
          </reporter-output>
        </test-method> <!-- teardown -->
        <test-method is-config="true" signature="extentFlush(org.testng.ITestResult)[pri:0, instance:com.inetbanking.testcases.HomeTC_001@77c2494c]" started-at="2023-08-02T14:47:25 IST" name="extentFlush" finished-at="1970-01-01T05:30:00 IST" duration-ms="-1690967845068" status="FAIL">
          <exception class="org.testng.TestNGException">
            <message>
              <![CDATA[
Can inject only one of <ITestContext, XmlTest> into a @AfterTest annotated extentFlush.
For more information on native dependency injection please refer to https://testng.org/doc/documentation-main.html#native-dependency-injection]]>
            </message>
            <full-stacktrace>
              <![CDATA[org.testng.TestNGException: 
Can inject only one of <ITestContext, XmlTest> into a @AfterTest annotated extentFlush.
For more information on native dependency injection please refer to https://testng.org/doc/documentation-main.html#native-dependency-injection
at org.testng.internal.Parameters.checkParameterTypes(Parameters.java:436)
at org.testng.internal.Parameters.createParametersForMethod(Parameters.java:350)
at org.testng.internal.Parameters.createParameters(Parameters.java:693)
at org.testng.internal.Parameters.createConfigurationParameters(Parameters.java:166)
at org.testng.internal.invokers.ConfigInvoker.invokeConfigurations(ConfigInvoker.java:306)
at org.testng.TestRunner.invokeTestConfigurations(TestRunner.java:663)
at org.testng.TestRunner.afterRun(TestRunner.java:933)
at org.testng.TestRunner.run(TestRunner.java:624)
at org.testng.SuiteRunner.runTest(SuiteRunner.java:443)
at org.testng.SuiteRunner.runSequentially(SuiteRunner.java:437)
at org.testng.SuiteRunner.privateRun(SuiteRunner.java:397)
at org.testng.SuiteRunner.run(SuiteRunner.java:336)
at org.testng.SuiteRunnerWorker.runSuite(SuiteRunnerWorker.java:52)
at org.testng.SuiteRunnerWorker.run(SuiteRunnerWorker.java:95)
at org.testng.TestNG.runSuitesSequentially(TestNG.java:1280)
at org.testng.TestNG.runSuitesLocally(TestNG.java:1200)
at org.testng.TestNG.runSuites(TestNG.java:1114)
at org.testng.TestNG.run(TestNG.java:1082)
at org.testng.remote.AbstractRemoteTestNG.run(AbstractRemoteTestNG.java:115)
at org.testng.remote.RemoteTestNG.initAndRun(RemoteTestNG.java:251)
at org.testng.remote.RemoteTestNG.main(RemoteTestNG.java:77)
]]>
            </full-stacktrace>
          </exception> <!-- org.testng.TestNGException -->
          <reporter-output>
          </reporter-output>
        </test-method> <!-- extentFlush -->
      </class> <!-- com.inetbanking.testcases.HomeTC_001 -->
    </test> <!-- Test -->
  </suite> <!-- Suite -->
</testng-results>
