<?xml version="1.0" encoding="UTF-8"?>
<!-- Generated by org.testng.reporters.JUnitXMLReporter -->
<testsuite ignored="0" hostname="DESKTOP-6PEP02S" failures="0" tests="1" name="Test" time="117.362" errors="0" timestamp="2023-08-02T14:47:25 IST">
  <testcase classname="com.inetbanking.testbase.TestBase" name="@AfterTest extentFlush" time="-1.690967845068E9">
    <failure type="org.testng.TestNGException" message="
Can inject only one of &amp;lt;ITestContext, XmlTest&amp;gt; into a @AfterTest annotated extentFlush.
For more information on native dependency injection please refer to https://testng.org/doc/documentation-main.html#native-dependency-injection">
      <![CDATA[org.testng.TestNGException: 
Can inject only one of <ITestContext, XmlTest> into a @AfterTest annotated extentFlush.
For more information on native dependency injection please refer to https://testng.org/doc/documentation-main.html#native-dependency-injection
... Removed 21 stack frames]]>
    </failure>
  </testcase> <!-- @AfterTest extentFlush -->
  <testcase classname="com.inetbanking.testcases.HomeTC_001" name="verifyLogoutFunctionality" time="72.035"/>
</testsuite> <!-- Test -->
