<?xml version="1.0" encoding="UTF-8"?>
<!-- Generated by org.testng.reporters.JUnitXMLReporter -->
<testsuite ignored="0" hostname="DESKTOP-6PEP02S" failures="0" tests="1" name="Login Test" time="46.266" errors="0" timestamp="2023-07-29T13:49:34 IST">
  <testcase classname="com.inetbanking.testbase.TestBase" name="@BeforeTest setup" time="44.442">
    <failure type="java.lang.NullPointerException" message="Cannot invoke &amp;quot;java.util.Properties.getProperty(String)&amp;quot; because &amp;quot;this.prop&amp;quot; is null">
      <![CDATA[java.lang.NullPointerException: Cannot invoke "java.util.Properties.getProperty(String)" because "this.prop" is null
at com.inetbanking.utility.ConfigDataProvider.getAppURL(ConfigDataProvider.java:41)
at com.inetbanking.testbase.TestBase.setup(TestBase.java:66)
... Removed 22 stack frames]]>
    </failure>
  </testcase> <!-- @BeforeTest setup -->
  <testcase classname="com.inetbanking.testbase.TestBase" name="@AfterTest teardown" time="0.0">
    <skipped/>
  </testcase> <!-- @AfterTest teardown -->
  <testcase classname="com.inetbanking.testcases.Login_001" name="verifyloginPageTitleTC_001" time="0.0">
    <skipped/>
  </testcase> <!-- verifyloginPageTitleTC_001 -->
</testsuite> <!-- Login Test -->
